<?xml version="1.0" encoding="UTF-8"?>
<!-- Generated by org.testng.reporters.JUnitReportReporter -->
<testsuite skipped="0" hostname="BLT1227" name="ScollerPage.ScrollByPage" tests="1" failures="0" timestamp="21 Feb 2020 06:01:53 GMT" time="9.404" errors="0">
  <testcase name="ByPage" time="9.404" classname="ScollerPage.ScrollByPage"/>
</testsuite> <!-- ScollerPage.ScrollByPage -->
