<?xml version="1.0" encoding="UTF-8"?>
<!-- Generated by org.testng.reporters.JUnitReportReporter -->
<testsuite skipped="0" hostname="BLT1227" name="feb18.HeadLessBrowser" tests="1" failures="0" timestamp="19 Feb 2020 11:03:29 GMT" time="3.095" errors="0">
  <testcase name="login" time="3.095" classname="feb18.HeadLessBrowser"/>
</testsuite> <!-- feb18.HeadLessBrowser -->
