<?xml version="1.0" encoding="UTF-8"?>
<!-- Generated by org.testng.reporters.JUnitReportReporter -->
<testsuite skipped="0" hostname="BLT1227" name="Data" tests="3" failures="0" timestamp="03 Mar 2020 09:47:32 GMT" time="29.990" errors="0">
  <testcase name="login" time="10.459" classname="Data"/>
  <testcase name="login" time="9.836" classname="Data"/>
  <testcase name="login" time="9.695" classname="Data"/>
</testsuite> <!-- Data -->
