<?xml version="1.0" encoding="UTF-8"?>
<!-- Generated by org.testng.reporters.JUnitReportReporter -->
<testsuite skipped="0" hostname="BLT1227" name="feb.FileUploadDemo" tests="1" failures="0" timestamp="24 Feb 2020 09:41:14 GMT" time="15.794" errors="0">
  <testcase name="upload" time="15.794" classname="feb.FileUploadDemo"/>
</testsuite> <!-- feb.FileUploadDemo -->
