<?xml version="1.0" encoding="UTF-8"?>
<!-- Generated by org.testng.reporters.JUnitReportReporter -->
<testsuite skipped="0" hostname="BLT1227" name="feb.WebTableDemo" tests="1" failures="0" timestamp="24 Feb 2020 10:38:13 GMT" time="16.474" errors="0">
  <testcase name="table" time="16.474" classname="feb.WebTableDemo"/>
</testsuite> <!-- feb.WebTableDemo -->
