<?xml version="1.0" encoding="UTF-8"?>
<!-- Generated by org.testng.reporters.JUnitReportReporter -->
<testsuite skipped="0" hostname="BLT1227" name="TestngDemo.ParallelTestCase" tests="3" failures="0" timestamp="17 Feb 2020 08:34:50 GMT" time="0.018" errors="0">
  <testcase name="TestCase1" time="0.016" classname="TestngDemo.ParallelTestCase"/>
  <testcase name="TestCase3" time="0.002" classname="TestngDemo.ParallelTestCase"/>
  <testcase name="TestCase2" time="0.000" classname="TestngDemo.ParallelTestCase"/>
</testsuite> <!-- TestngDemo.ParallelTestCase -->
