<?xml version="1.0" encoding="UTF-8"?>
<!-- Generated by org.testng.reporters.JUnitReportReporter -->
<testsuite skipped="0" hostname="BLT1227" name="TestngDemo.ParallelTestCase1" tests="3" failures="0" timestamp="17 Feb 2020 08:34:50 GMT" time="0.016" errors="0">
  <testcase name="TestCase6" time="0.000" classname="TestngDemo.ParallelTestCase1"/>
  <testcase name="TestCase5" time="0.000" classname="TestngDemo.ParallelTestCase1"/>
  <testcase name="TestCase4" time="0.016" classname="TestngDemo.ParallelTestCase1"/>
</testsuite> <!-- TestngDemo.ParallelTestCase1 -->
