<?xml version="1.0" encoding="UTF-8"?>
<!-- Generated by org.testng.reporters.JUnitReportReporter -->
<testsuite skipped="0" hostname="BLT1227" name="feb18.WindowHandling" tests="1" failures="0" timestamp="19 Feb 2020 11:04:06 GMT" time="15.915" errors="0">
  <testcase name="IRTClogin" time="15.915" classname="feb18.WindowHandling"/>
</testsuite> <!-- feb18.WindowHandling -->
