<?xml version="1.0" encoding="UTF-8"?>
<!-- Generated by org.testng.reporters.JUnitReportReporter -->
<testsuite skipped="0" hostname="BLT1227" name="ScollerPage.ScrollByPixels" tests="1" failures="0" timestamp="21 Feb 2020 06:02:25 GMT" time="11.179" errors="0">
  <testcase name="ByPixel" time="11.179" classname="ScollerPage.ScrollByPixels"/>
</testsuite> <!-- ScollerPage.ScrollByPixels -->
