<?xml version="1.0" encoding="UTF-8"?>
<!-- Generated by org.testng.reporters.JUnitReportReporter -->
<testsuite skipped="0" hostname="BLT1227" name="ScollerPage.ScrollByVisibleElement" tests="1" failures="0" timestamp="21 Feb 2020 05:46:50 GMT" time="12.021" errors="0">
  <testcase name="ByVisibleElement" time="12.021" classname="ScollerPage.ScrollByVisibleElement"/>
</testsuite> <!-- ScollerPage.ScrollByVisibleElement -->
