<?xml version="1.0" encoding="UTF-8"?>
<!-- Generated by org.testng.reporters.JUnitReportReporter -->
<testsuite skipped="0" hostname="BLT1227" name="TestngDemo.SampleTestCase" tests="3" failures="0" timestamp="17 Feb 2020 11:20:35 GMT" time="0.015" errors="0">
  <testcase name="testcase2" time="0.000" classname="TestngDemo.SampleTestCase"/>
  <testcase name="testcase3" time="0.000" classname="TestngDemo.SampleTestCase"/>
  <testcase name="testcase1" time="0.015" classname="TestngDemo.SampleTestCase"/>
</testsuite> <!-- TestngDemo.SampleTestCase -->
