<?xml version="1.0" encoding="UTF-8"?>
<!-- Generated by org.testng.reporters.JUnitReportReporter -->
<testsuite skipped="0" hostname="BLT1227" name="feb18.HeadLessBrowser" tests="1" failures="0" timestamp="18 Feb 2020 09:10:04 GMT" time="3.449" errors="0">
  <testcase name="login" time="3.449" classname="feb18.HeadLessBrowser"/>
</testsuite> <!-- feb18.HeadLessBrowser -->
