<?xml version="1.0" encoding="UTF-8"?>
<!-- Generated by org.testng.reporters.JUnitReportReporter -->
<testsuite skipped="0" hostname="BLT1227" name="TestngDemo.DependsonGroup" tests="3" failures="0" timestamp="17 Feb 2020 10:58:59 GMT" time="0.062" errors="0">
  <testcase name="testcase2" time="0.000" classname="TestngDemo.DependsonGroup"/>
  <testcase name="testcase1" time="0.047" classname="TestngDemo.DependsonGroup"/>
  <testcase name="testcase3" time="0.015" classname="TestngDemo.DependsonGroup"/>
</testsuite> <!-- TestngDemo.DependsonGroup -->
