<?xml version="1.0" encoding="UTF-8"?>
<!-- Generated by org.testng.reporters.JUnitReportReporter -->
<testsuite skipped="0" hostname="BLT1227" name="TestngDemo.PriorityTestCase" tests="3" failures="0" timestamp="17 Feb 2020 11:25:04 GMT" time="0.032" errors="0">
  <testcase name="Testcase2" time="0.032" classname="TestngDemo.PriorityTestCase"/>
  <testcase name="Testcase3" time="0.000" classname="TestngDemo.PriorityTestCase"/>
  <testcase name="Testcase1" time="0.000" classname="TestngDemo.PriorityTestCase"/>
</testsuite> <!-- TestngDemo.PriorityTestCase -->
