<?xml version="1.0" encoding="UTF-8"?>
<!-- Generated by org.testng.reporters.JUnitReportReporter -->
<testsuite skipped="0" hostname="BLT1227" name="TestCase.LoginPageTestCase" tests="1" failures="0" timestamp="19 Feb 2020 08:15:07 GMT" time="2.527" errors="0">
  <testcase name="Login" time="2.527" classname="TestCase.LoginPageTestCase"/>
</testsuite> <!-- TestCase.LoginPageTestCase -->
